<?xml version="1.0" encoding="UTF-8"?>
<!-- Generated by org.testng.reporters.JUnitReportReporter -->
<testsuite skipped="0" hostname="DESKTOP-3KOFTQI" name="acadmy.ValidateTitle" tests="1" failures="0" timestamp="2020-04-21T14:17:18 IST" time="0.120" errors="0">
  <testcase name="getTitel" time="0.120" classname="acadmy.ValidateTitle"/>
  <system-out/>
</testsuite> <!-- acadmy.ValidateTitle -->
