<?xml version="1.0" encoding="UTF-8"?>
<!-- Generated by org.testng.reporters.JUnitReportReporter -->
<testsuite skipped="0" hostname="DESKTOP-3KOFTQI" name="acadmy.ValidateNavigationBar" tests="1" failures="0" timestamp="2020-04-21T14:17:18 IST" time="0.230" errors="0">
  <testcase name="BaseNavigation" time="0.230" classname="acadmy.ValidateNavigationBar"/>
  <system-out/>
</testsuite> <!-- acadmy.ValidateNavigationBar -->
