<?xml version="1.0" encoding="UTF-8"?>
<!-- Generated by org.testng.reporters.JUnitReportReporter -->
<testsuite skipped="0" hostname="DESKTOP-3KOFTQI" name="testRunner.TestRunner" tests="1" failures="0" timestamp="2020-04-21T16:01:53 IST" time="109.377" errors="0">
  <testcase name="feature" time="109.377" classname="testRunner.TestRunner"/>
  <system-out/>
</testsuite> <!-- testRunner.TestRunner -->
