<?xml version="1.0" encoding="UTF-8"?>
<!-- Generated by org.testng.reporters.JUnitReportReporter -->
<testsuite skipped="0" hostname="DESKTOP-3KOFTQI" name="acadmy.HomePage" tests="3" failures="0" timestamp="2020-04-21T14:17:18 IST" time="66.671" errors="0">
  <testcase name="basePageNavigation" time="37.488" classname="acadmy.HomePage"/>
  <system-out/>
  <testcase name="basePageNavigation" time="14.450" classname="acadmy.HomePage"/>
  <system-out/>
  <testcase name="basePageNavigation" time="14.733" classname="acadmy.HomePage"/>
  <system-out/>
</testsuite> <!-- acadmy.HomePage -->
